<?xml version="1.0" encoding="UTF-8"?>
<testsuite xmlns:xsi="http://www.w3.org/2001/XMLSchema-instance" xsi:schemaLocation="https://maven.apache.org/surefire/maven-surefire-plugin/xsd/surefire-test-report.xsd" name="io.graversen.fiber.test.event.DefaultEventBusTest" time="0.079" tests="1" errors="0" skipped="1" failures="0">
  <properties>
[...]
</properties>
  <testcase name="testPerformance1" classname="io.graversen.fiber.test.event.DefaultEventBusTest" time="0">
    <skipped message="void io.graversen.fiber.test.event.DefaultEventBusTest.testPerformance1() throws java.lang.InterruptedException is @Disabled"/>
  </testcase>
</testsuite>